$ pip install allure-pytest
-----
Test: test_purchase.py::test_city_select (call)
Start time: 2023-04-05 16:16:38.217779
Start name method: city_select

End time: 2023-04-05 16:16:56.510428
End name method: city_select
URL: https://www.citilink.ru/catalog/smartfony/

-----

-----
Test: test_purchase.py::test_city_select (call)
Start time: 2023-04-05 16:16:56.510428
Start name method: smartphone_select

End time: 2023-04-05 16:17:00.368135
End name method: smartphone_select
URL: https://www.citilink.ru/order/

-----

-----
Test: test_purchase.py::test_city_select (call)
Start time: 2023-04-05 16:17:00.369135
Start name method: chechout_first_stage

End time: 2023-04-05 16:17:01.616053
End name method: chechout_first_stage
URL: https://www.citilink.ru/order/checkout/

-----

-----
Test: test_purchase.py::test_city_select (call)
Start time: 2023-04-05 16:17:01.616053
Start name method: final_checkout_test

End time: 2023-04-05 16:17:01.732151
End name method: final_checkout_test
URL: https://www.citilink.ru/order/checkout/

-----
