
-----
Test: tests/test_purchase.py::test_city_select (call)
Start time: 2023-04-06 18:36:06.212797
Start name method: city_select

End time: 2023-04-06 18:36:20.974037
End name method: city_select
URL: https://www.citilink.ru/catalog/smartfony/

-----

-----
Test: tests/test_purchase.py::test_city_select (call)
Start time: 2023-04-06 18:36:20.974037
Start name method: smartphone_select

End time: 2023-04-06 18:36:24.728667
End name method: smartphone_select
URL: https://www.citilink.ru/order/

-----

-----
Test: tests/test_purchase.py::test_city_select (call)
Start time: 2023-04-06 18:36:24.728667
Start name method: chechout_first_stage

End time: 2023-04-06 18:36:25.970993
End name method: chechout_first_stage
URL: https://www.citilink.ru/order/checkout/

-----

-----
Test: tests/test_purchase.py::test_city_select (call)
Start time: 2023-04-06 18:36:25.971994
Start name method: final_checkout_test

End time: 2023-04-06 18:36:26.091695
End name method: final_checkout_test
URL: https://www.citilink.ru/order/checkout/

-----
